<?xml version="1.0"?>
<!--Phoronix Test Suite v5.2.1 (Khanino)-->
<?xml-stylesheet type="text/xsl" href="pts-results-viewer.xsl"?>
<PhoronixTestSuite>
  <Generated>
    <Title>ptslinuxkernelv2</Title>
    <LastModified>2020-11-14 00:46:29</LastModified>
    <TestClient>Phoronix Test Suite v5.2.1 (Khanino)</TestClient>
    <Description>ARMv7 rev 3 testing with a BCM2711 and llvmpipe (LLVM 9.0.1 128 bits) on Raspbian 10 via the Phoronix Test Suite.</Description>
    <PreSetEnvironmentVariables></PreSetEnvironmentVariables>
  </Generated>
  <System>
    <Identifier>SN64G - ARMv7 rev 3</Identifier>
    <Hardware>Processor: ARMv7 rev 3 @ 1.50GHz (4 Cores), Motherboard: BCM2711, Memory: 4096MB, Disk: 64GB SN64G, Graphics: llvmpipe (LLVM 9.0.1 128 bits), Monitor: LG TV</Hardware>
    <Software>OS: Raspbian 10, Kernel: 5.4.72-v7l+ (armv7l), Desktop: LXDE 0.10.0, Display Server: X Server plymouth.ignore-serial-consoles, Display Driver: modesetting 1.20.4, OpenGL: 3.1 Mesa 19.3.2, File-System: ext4, Screen Resolution: 1024x768</Software>
    <User>alx</User>
    <TimeStamp>2020-11-14 00:46:29</TimeStamp>
    <TestClientVersion>5.2.1</TestClientVersion>
    <Notes>Python 2.7.16.</Notes>
    <JSON>{"compiler-configuration":"--build=arm-linux-gnueabihf --disable-libitm --disable-libquadmath --disable-libquadmath-support --disable-sjlj-exceptions --disable-werror --enable-bootstrap --enable-checking=release --enable-clocale=gnu --enable-gnu-unique-object --enable-languages=c,ada,c++,go,d,fortran,objc,obj-c++ --enable-libstdcxx-debug --enable-libstdcxx-time=yes --enable-multiarch --enable-nls --enable-objc-gc=auto --enable-plugin --enable-shared --enable-threads=posix --host=arm-linux-gnueabihf --program-prefix=arm-linux-gnueabihf- --target=arm-linux-gnueabihf --with-arch=armv6 --with-default-libstdcxx-abi=new --with-float=hard --with-fpu=vfp --with-gcc-major-version-only --with-target-system-zlib -v","disk-mount-options":"noatime,rw","cpu-scaling-governor":"cpufreq-dt ondemand","kernel-parameters":"snd_bcm2835.enable_compat_alsa=0 snd_bcm2835.enable_hdmi=1 snd_bcm2835.enable_headphones=1"}</JSON>
  </System>
  <Result>
    <Identifier>pts/sqlite-2.1.0</Identifier>
    <Title>SQLite</Title>
    <AppVersion>3.30.1</AppVersion>
    <Arguments></Arguments>
    <Description>Timed SQLite Insertions</Description>
    <Scale>Seconds</Scale>
    <Proportion>LIB</Proportion>
    <DisplayFormat>BAR_GRAPH</DisplayFormat>
    <Data>
      <Entry>
        <Identifier>SN64G - ARMv7 rev 3</Identifier>
        <Value>91.12</Value>
        <RawString>92.654528856277:88.819782972336:91.888468980789</RawString>
        <JSON>{"compiler-options":{"compiler-type":"CC","compiler":"gcc","compiler-options":"-O2 -lz -lm -ldl -lpthread"}}</JSON>
      </Entry>
    </Data>
  </Result>
  <Result>
    <Identifier>pts/dbench-1.0.1</Identifier>
    <Title>Dbench</Title>
    <AppVersion>4.0</AppVersion>
    <Arguments>12</Arguments>
    <Description>12 Clients</Description>
    <Scale>MB/s</Scale>
    <Proportion>HIB</Proportion>
    <DisplayFormat>BAR_GRAPH</DisplayFormat>
    <Data>
      <Entry>
        <Identifier>SN64G - ARMv7 rev 3</Identifier>
        <Value>97.35</Value>
        <RawString>95.5168:99.4083:97.1278</RawString>
        <JSON>{"compiler-options":{"compiler-type":"CC","compiler":"gcc","compiler-options":"-lpopt -O2"}}</JSON>
      </Entry>
    </Data>
  </Result>
  <Result>
    <Identifier>pts/tiobench-1.3.1</Identifier>
    <Title>Threaded I/O Tester</Title>
    <AppVersion>20170503</AppVersion>
    <Arguments>-k3 -k1 -f 64 -t 32</Arguments>
    <Description>64MB Read - 32 Threads</Description>
    <Scale>MB/s</Scale>
    <Proportion>HIB</Proportion>
    <DisplayFormat>BAR_GRAPH</DisplayFormat>
    <Data>
      <Entry>
        <Identifier>SN64G - ARMv7 rev 3</Identifier>
        <Value>1161.73</Value>
        <RawString>83.331:1700.562:1701.308</RawString>
        <JSON>{"compiler-options":{"compiler-type":"CC","compiler":"gcc","compiler-options":"-O2"}}</JSON>
      </Entry>
    </Data>
  </Result>
  <Result>
    <Identifier>pts/tiobench-1.3.1</Identifier>
    <Title>Threaded I/O Tester</Title>
    <AppVersion>20170503</AppVersion>
    <Arguments>-k3 -k2 -k1 -f 64 -t 32</Arguments>
    <Description>64MB Write - 32 Threads</Description>
    <Scale>MB/s</Scale>
    <Proportion>HIB</Proportion>
    <DisplayFormat>BAR_GRAPH</DisplayFormat>
    <Data>
      <Entry>
        <Identifier>SN64G - ARMv7 rev 3</Identifier>
        <Value>1.36</Value>
        <RawString>1.371:1.35:1.361</RawString>
        <JSON>{"compiler-options":{"compiler-type":"CC","compiler":"gcc","compiler-options":"-O2"}}</JSON>
      </Entry>
    </Data>
  </Result>
  <Result>
    <Identifier>pts/postmark-1.1.2</Identifier>
    <Title>PostMark</Title>
    <AppVersion>1.51</AppVersion>
    <Arguments></Arguments>
    <Description>Disk Transaction Performance</Description>
    <Scale>TPS</Scale>
    <Proportion>HIB</Proportion>
    <DisplayFormat>BAR_GRAPH</DisplayFormat>
    <Data>
      <Entry>
        <Identifier>SN64G - ARMv7 rev 3</Identifier>
        <Value>121</Value>
        <RawString>118:123:122</RawString>
        <JSON>{"compiler-options":{"compiler-type":"CC","compiler":"gcc","compiler-options":"-O3"}}</JSON>
      </Entry>
    </Data>
  </Result>
  <Result>
    <Identifier>pts/gmpbench-1.2.0</Identifier>
    <Title>GNU GMP GMPbench</Title>
    <AppVersion>6.1.2</AppVersion>
    <Arguments></Arguments>
    <Description>Total Time</Description>
    <Scale>GMPbench Score</Scale>
    <Proportion>HIB</Proportion>
    <DisplayFormat>BAR_GRAPH</DisplayFormat>
    <Data>
      <Entry>
        <Identifier>SN64G - ARMv7 rev 3</Identifier>
        <Value>487.87</Value>
        <RawString>487.87</RawString>
        <JSON>{"compiler-options":{"compiler-type":"CC","compiler":"gcc","compiler-options":"-O3 -fomit-frame-pointer -lm"}}</JSON>
      </Entry>
    </Data>
  </Result>
  <Result>
    <Identifier>pts/c-ray-1.2.0</Identifier>
    <Title>C-Ray</Title>
    <AppVersion>1.1</AppVersion>
    <Arguments></Arguments>
    <Description>Total Time - 4K, 16 Rays Per Pixel</Description>
    <Scale>Seconds</Scale>
    <Proportion>LIB</Proportion>
    <DisplayFormat>BAR_GRAPH</DisplayFormat>
    <Data>
      <Entry>
        <Identifier>SN64G - ARMv7 rev 3</Identifier>
        <Value>690.55</Value>
        <RawString>791.835:718.065:649.535:679.988:649.716:654.15</RawString>
        <JSON>{"compiler-options":{"compiler-type":"CC","compiler":"gcc","compiler-options":"-lm -lpthread -O3"}}</JSON>
      </Entry>
    </Data>
  </Result>
  <Result>
    <Identifier>pts/compress-pbzip2-1.5.0</Identifier>
    <Title>Parallel BZIP2 Compression</Title>
    <AppVersion>1.1.12</AppVersion>
    <Arguments></Arguments>
    <Description>256MB File Compression</Description>
    <Scale>Seconds</Scale>
    <Proportion>LIB</Proportion>
    <DisplayFormat>BAR_GRAPH</DisplayFormat>
    <Data>
      <Entry>
        <Identifier>SN64G - ARMv7 rev 3</Identifier>
        <Value>69.22</Value>
        <RawString>75.47455406189:68.157935857773:68.222486972809:68.032960176468:67.781814098358:67.639370918274</RawString>
        <JSON>{"compiler-options":{"compiler-type":"CXX","compiler":"g++","compiler-options":"-O2 -pthread -lbz2 -lpthread"}}</JSON>
      </Entry>
    </Data>
  </Result>
  <Result>
    <Identifier>pts/compress-lzma-1.3.1</Identifier>
    <Title>LZMA Compression</Title>
    <AppVersion></AppVersion>
    <Arguments></Arguments>
    <Description>256MB File Compression</Description>
    <Scale>Seconds</Scale>
    <Proportion>LIB</Proportion>
    <DisplayFormat>BAR_GRAPH</DisplayFormat>
    <Data>
      <Entry>
        <Identifier>SN64G - ARMv7 rev 3</Identifier>
        <Value>1048.13</Value>
        <RawString>1062.476154089:1039.2064859867:1042.7103168964</RawString>
        <JSON>{"compiler-options":{"compiler-type":"CXX","compiler":"g++","compiler-options":"-O2"}}</JSON>
      </Entry>
    </Data>
  </Result>
  <Result>
    <Identifier>pts/dcraw-1.1.1</Identifier>
    <Title>dcraw</Title>
    <AppVersion></AppVersion>
    <Arguments></Arguments>
    <Description>RAW To PPM Image Conversion</Description>
    <Scale>Seconds</Scale>
    <Proportion>LIB</Proportion>
    <DisplayFormat>BAR_GRAPH</DisplayFormat>
    <Data>
      <Entry>
        <Identifier>SN64G - ARMv7 rev 3</Identifier>
        <Value>216.32</Value>
        <RawString>218.47414803505:215.28834700584:215.19637298584</RawString>
        <JSON>{"compiler-options":{"compiler-type":"CC","compiler":"gcc","compiler-options":"-lm"}}</JSON>
      </Entry>
    </Data>
  </Result>
  <Result>
    <Identifier>pts/encode-mp3-1.7.4</Identifier>
    <Title>LAME MP3 Encoding</Title>
    <AppVersion>3.100</AppVersion>
    <Arguments></Arguments>
    <Description>WAV To MP3</Description>
    <Scale>Seconds</Scale>
    <Proportion>LIB</Proportion>
    <DisplayFormat>BAR_GRAPH</DisplayFormat>
    <Data>
      <Entry>
        <Identifier>SN64G - ARMv7 rev 3</Identifier>
        <Value>41.57</Value>
        <RawString>41.663420915604:41.56890296936:41.490724086761</RawString>
        <JSON>{"compiler-options":{"compiler-type":"CC","compiler":"gcc","compiler-options":"-O3 -ffast-math -funroll-loops -fschedule-insns2 -fbranch-count-reg -fforce-addr -pipe -lm"}}</JSON>
      </Entry>
    </Data>
  </Result>
  <Result>
    <Identifier>pts/ffmpeg-2.8.0</Identifier>
    <Title>FFmpeg</Title>
    <AppVersion>4.0.2</AppVersion>
    <Arguments></Arguments>
    <Description>H.264 HD To NTSC DV</Description>
    <Scale>Seconds</Scale>
    <Proportion>LIB</Proportion>
    <DisplayFormat>BAR_GRAPH</DisplayFormat>
    <Data>
      <Entry>
        <Identifier>SN64G - ARMv7 rev 3</Identifier>
        <Value>47.18</Value>
        <RawString>51.400968074799:46.752747058868:45.812210083008:44.620148181915:47.443907976151:47.039623022079</RawString>
        <JSON>{"compiler-options":{"compiler-type":"CC","compiler":"gcc","compiler-options":"-march=armv6 -lavdevice -lavfilter -lavformat -lavcodec -lswresample -lswscale -lavutil -lm -lxcb -pthread -std=c11 -fomit-frame-pointer -marm -O3 -fno-math-errno -fno-signed-zeros -fno-tree-vectorize -MMD -MF -MT"}}</JSON>
      </Entry>
    </Data>
  </Result>
  <Result>
    <Identifier>pts/gnupg-2.4.0</Identifier>
    <Title>GnuPG</Title>
    <AppVersion>1.4.22</AppVersion>
    <Arguments></Arguments>
    <Description>2GB File Encryption</Description>
    <Scale>Seconds</Scale>
    <Proportion>LIB</Proportion>
    <DisplayFormat>BAR_GRAPH</DisplayFormat>
    <Data>
      <Entry>
        <Identifier>SN64G - ARMv7 rev 3</Identifier>
        <Value>55.81</Value>
        <RawString>60.977931022644:55.550844907761:54.466508150101:54.688034057617:54.566956996918:54.617125988007</RawString>
        <JSON>{"compiler-options":{"compiler-type":"CC","compiler":"gcc","compiler-options":"-O2 -MT -MD -MP -MF"}}</JSON>
      </Entry>
    </Data>
  </Result>
  <Result>
    <Identifier>pts/openssl-1.11.0</Identifier>
    <Title>OpenSSL</Title>
    <AppVersion>1.1.1</AppVersion>
    <Arguments></Arguments>
    <Description>RSA 4096-bit Performance</Description>
    <Scale>Signs Per Second</Scale>
    <Proportion>HIB</Proportion>
    <DisplayFormat>BAR_GRAPH</DisplayFormat>
    <Data>
      <Entry>
        <Identifier>SN64G - ARMv7 rev 3</Identifier>
        <Value>97.23</Value>
        <RawString>97.4:97.1:97.2</RawString>
        <JSON>{"compiler-options":{"compiler-type":"CC","compiler":"gcc","compiler-options":"-pthread -march=armv7-a -O3 -lssl -lcrypto -ldl"}}</JSON>
      </Entry>
    </Data>
  </Result>
  <Result>
    <Identifier>pts/pgbench-1.10.1</Identifier>
    <Title>PostgreSQL pgbench</Title>
    <AppVersion>13.0</AppVersion>
    <Arguments></Arguments>
    <Description>Phoronix Test Suite v5.2.1</Description>
    <Scale>TPS</Scale>
    <Proportion>HIB</Proportion>
    <DisplayFormat>BAR_GRAPH</DisplayFormat>
    <Data>
      <Entry>
        <Identifier>SN64G - ARMv7 rev 3</Identifier>
        <Value>350</Value>
        <RawString>384.071715:356.129793:321.847517:377.493288:303.535197:358.120007</RawString>
        <JSON>{"compiler-options":{"compiler-type":"CC","compiler":"gcc","compiler-options":"-fno-strict-aliasing -fwrapv -O2 -lpgcommon -lpgport -lpq -lpthread -lrt -ldl -lm"}}</JSON>
      </Entry>
    </Data>
  </Result>
  <Result>
    <Identifier>pts/pybench-1.1.3</Identifier>
    <Title>PyBench</Title>
    <AppVersion>2018-02-16</AppVersion>
    <Arguments></Arguments>
    <Description>Total For Average Test Times</Description>
    <Scale>Milliseconds</Scale>
    <Proportion>LIB</Proportion>
    <DisplayFormat>BAR_GRAPH</DisplayFormat>
    <Data>
      <Entry>
        <Identifier>SN64G - ARMv7 rev 3</Identifier>
        <Value>5180</Value>
        <RawString>5201:5167:5172</RawString>
      </Entry>
    </Data>
  </Result>
  <Result>
    <Identifier>pts/apache-1.7.2</Identifier>
    <Title>Apache Benchmark</Title>
    <AppVersion>2.4.29</AppVersion>
    <Arguments></Arguments>
    <Description>Static Web Page Serving</Description>
    <Scale>Requests Per Second</Scale>
    <Proportion>HIB</Proportion>
    <DisplayFormat>BAR_GRAPH</DisplayFormat>
    <Data>
      <Entry>
        <Identifier>SN64G - ARMv7 rev 3</Identifier>
        <Value>3421.14</Value>
        <RawString>3420.02:3421.31:3422.08</RawString>
        <JSON>{"compiler-options":{"compiler-type":"CC","compiler":"gcc","compiler-options":"-shared -fPIC -O2 -pthread"}}</JSON>
      </Entry>
    </Data>
  </Result>
</PhoronixTestSuite>
