<?xml version="1.0"?>
<!--Phoronix Test Suite v5.2.1 (Khanino)-->
<?xml-stylesheet type="text/xsl" href="pts-results-viewer.xsl"?>
<PhoronixTestSuite>
  <Generated>
    <Title>ptsdiskv2</Title>
    <LastModified>2020-11-15 09:32:00</LastModified>
    <TestClient>Phoronix Test Suite v5.2.1 (Khanino)</TestClient>
    <Description>ARMv7 rev 3 testing with a BCM2711 and llvmpipe (LLVM 9.0.1 128 bits) on Raspbian 10 via the Phoronix Test Suite.</Description>
    <PreSetEnvironmentVariables></PreSetEnvironmentVariables>
  </Generated>
  <System>
    <Identifier>SN64G</Identifier>
    <Hardware>Processor: ARMv7 rev 3 @ 1.50GHz (4 Cores), Motherboard: BCM2711, Memory: 4096MB, Disk: 64GB SN64G, Graphics: llvmpipe (LLVM 9.0.1 128 bits), Monitor: LG TV</Hardware>
    <Software>OS: Raspbian 10, Kernel: 5.4.72-v7l+ (armv7l), Desktop: LXDE 0.10.0, Display Server: X Server plymouth.ignore-serial-consoles, Display Driver: modesetting 1.20.4, OpenGL: 3.1 Mesa 19.3.2, File-System: ext4, Screen Resolution: 1024x768</Software>
    <User>alx</User>
    <TimeStamp>2020-11-15 09:32:00</TimeStamp>
    <TestClientVersion>5.2.1</TestClientVersion>
    <Notes>Python 2.7.16.</Notes>
    <JSON>{"compiler-configuration":"--build=arm-linux-gnueabihf --disable-libitm --disable-libquadmath --disable-libquadmath-support --disable-sjlj-exceptions --disable-werror --enable-bootstrap --enable-checking=release --enable-clocale=gnu --enable-gnu-unique-object --enable-languages=c,ada,c++,go,d,fortran,objc,obj-c++ --enable-libstdcxx-debug --enable-libstdcxx-time=yes --enable-multiarch --enable-nls --enable-objc-gc=auto --enable-plugin --enable-shared --enable-threads=posix --host=arm-linux-gnueabihf --program-prefix=arm-linux-gnueabihf- --target=arm-linux-gnueabihf --with-arch=armv6 --with-default-libstdcxx-abi=new --with-float=hard --with-fpu=vfp --with-gcc-major-version-only --with-target-system-zlib -v","disk-mount-options":"noatime,rw","cpu-scaling-governor":"cpufreq-dt ondemand","kernel-parameters":"snd_bcm2835.enable_compat_alsa=0 snd_bcm2835.enable_hdmi=1 snd_bcm2835.enable_headphones=1"}</JSON>
  </System>
  <Result>
    <Identifier>pts/sqlite-2.1.0</Identifier>
    <Title>SQLite</Title>
    <AppVersion>3.30.1</AppVersion>
    <Arguments></Arguments>
    <Description>Timed SQLite Insertions</Description>
    <Scale>Seconds</Scale>
    <Proportion>LIB</Proportion>
    <DisplayFormat>BAR_GRAPH</DisplayFormat>
    <Data>
      <Entry>
        <Identifier>SN64G</Identifier>
        <Value>91.18</Value>
        <RawString>86.974828958511:92.855672121048:94.093055009842:90.814913034439</RawString>
        <JSON>{"compiler-options":{"compiler-type":"CC","compiler":"gcc","compiler-options":"-O2 -lz -lm -ldl -lpthread"}}</JSON>
      </Entry>
    </Data>
  </Result>
  <Result>
    <Identifier>pts/fs-mark-1.0.2</Identifier>
    <Title>FS-Mark</Title>
    <AppVersion>3.3</AppVersion>
    <Arguments>-s 1048576 -n 1000</Arguments>
    <Description>Test: 1000 Files, 1MB Size</Description>
    <Scale>Files/s</Scale>
    <Proportion>HIB</Proportion>
    <DisplayFormat>BAR_GRAPH</DisplayFormat>
    <Data>
      <Entry>
        <Identifier>SN64G</Identifier>
        <Value>19.87</Value>
        <RawString>19.3:20.1:20.2</RawString>
        <JSON>{"compiler-options":{"compiler-type":"CC","compiler":"gcc","compiler-options":"-static"}}</JSON>
      </Entry>
    </Data>
  </Result>
  <Result>
    <Identifier>pts/fs-mark-1.0.2</Identifier>
    <Title>FS-Mark</Title>
    <AppVersion>3.3</AppVersion>
    <Arguments>-s 1048576 -n 5000 -t 4</Arguments>
    <Description>Test: 5000 Files, 1MB Size, 4 Threads</Description>
    <Scale>Files/s</Scale>
    <Proportion>HIB</Proportion>
    <DisplayFormat>BAR_GRAPH</DisplayFormat>
    <Data>
      <Entry>
        <Identifier>SN64G</Identifier>
        <Value>24.27</Value>
        <RawString>19.6:25.2:25.2:24.8:25.6:25.2</RawString>
        <JSON>{"compiler-options":{"compiler-type":"CC","compiler":"gcc","compiler-options":"-static"}}</JSON>
      </Entry>
    </Data>
  </Result>
  <Result>
    <Identifier>pts/fs-mark-1.0.2</Identifier>
    <Title>FS-Mark</Title>
    <AppVersion>3.3</AppVersion>
    <Arguments>-s 1048576 -n 4000 -D 32</Arguments>
    <Description>Test: 4000 Files, 32 Sub Dirs, 1MB Size</Description>
    <Scale>Files/s</Scale>
    <Proportion>HIB</Proportion>
    <DisplayFormat>BAR_GRAPH</DisplayFormat>
    <Data>
      <Entry>
        <Identifier>SN64G</Identifier>
        <Value>18.77</Value>
        <RawString>18.4:18.9:19</RawString>
        <JSON>{"compiler-options":{"compiler-type":"CC","compiler":"gcc","compiler-options":"-static"}}</JSON>
      </Entry>
    </Data>
  </Result>
  <Result>
    <Identifier>pts/fs-mark-1.0.2</Identifier>
    <Title>FS-Mark</Title>
    <AppVersion>3.3</AppVersion>
    <Arguments>-s 1048576 -n 1000 -S 0</Arguments>
    <Description>Test: 1000 Files, 1MB Size, No Sync/FSync</Description>
    <Scale>Files/s</Scale>
    <Proportion>HIB</Proportion>
    <DisplayFormat>BAR_GRAPH</DisplayFormat>
    <Data>
      <Entry>
        <Identifier>SN64G</Identifier>
        <Value>31.08</Value>
        <RawString>26.8:29.9:31.3:31.7:33.6:33.2</RawString>
        <JSON>{"compiler-options":{"compiler-type":"CC","compiler":"gcc","compiler-options":"-static"}}</JSON>
      </Entry>
    </Data>
  </Result>
  <Result>
    <Identifier>pts/dbench-1.0.1</Identifier>
    <Title>Dbench</Title>
    <AppVersion>4.0</AppVersion>
    <Arguments>12</Arguments>
    <Description>12 Clients</Description>
    <Scale>MB/s</Scale>
    <Proportion>HIB</Proportion>
    <DisplayFormat>BAR_GRAPH</DisplayFormat>
    <Data>
      <Entry>
        <Identifier>SN64G</Identifier>
        <Value>86.67</Value>
        <RawString>85.5952:86.3885:88.0173</RawString>
        <JSON>{"compiler-options":{"compiler-type":"CC","compiler":"gcc","compiler-options":"-lpopt -O2"}}</JSON>
      </Entry>
    </Data>
  </Result>
  <Result>
    <Identifier>pts/dbench-1.0.1</Identifier>
    <Title>Dbench</Title>
    <AppVersion>4.0</AppVersion>
    <Arguments>1</Arguments>
    <Description>1 Clients</Description>
    <Scale>MB/s</Scale>
    <Proportion>HIB</Proportion>
    <DisplayFormat>BAR_GRAPH</DisplayFormat>
    <Data>
      <Entry>
        <Identifier>SN64G</Identifier>
        <Value>44.66</Value>
        <RawString>43.9804:45.4447:44.5479</RawString>
        <JSON>{"compiler-options":{"compiler-type":"CC","compiler":"gcc","compiler-options":"-lpopt -O2"}}</JSON>
      </Entry>
    </Data>
  </Result>
  <Result>
    <Identifier>pts/compilebench-1.0.2</Identifier>
    <Title>Compile Bench</Title>
    <AppVersion>0.6</AppVersion>
    <Arguments>COMPILE</Arguments>
    <Description>Test: Compile</Description>
    <Scale>MB/s</Scale>
    <Proportion>HIB</Proportion>
    <DisplayFormat>BAR_GRAPH</DisplayFormat>
    <Data>
      <Entry>
        <Identifier>SN64G</Identifier>
        <Value>11.75</Value>
        <RawString>13.63:12.24:11.75:10.63:11.33:10.91</RawString>
      </Entry>
    </Data>
  </Result>
  <Result>
    <Identifier>pts/compilebench-1.0.2</Identifier>
    <Title>Compile Bench</Title>
    <AppVersion>0.6</AppVersion>
    <Arguments>INITIAL_CREATE</Arguments>
    <Description>Test: Initial Create</Description>
    <Scale>MB/s</Scale>
    <Proportion>HIB</Proportion>
    <DisplayFormat>BAR_GRAPH</DisplayFormat>
    <Data>
      <Entry>
        <Identifier>SN64G</Identifier>
        <Value>10.46</Value>
        <RawString>9.85:9.65:11.87</RawString>
      </Entry>
    </Data>
  </Result>
  <Result>
    <Identifier>pts/compilebench-1.0.2</Identifier>
    <Title>Compile Bench</Title>
    <AppVersion>0.6</AppVersion>
    <Arguments>READ_COMPILED_TREE</Arguments>
    <Description>Test: Read Compiled Tree</Description>
    <Scale>MB/s</Scale>
    <Proportion>HIB</Proportion>
    <DisplayFormat>BAR_GRAPH</DisplayFormat>
    <Data>
      <Entry>
        <Identifier>SN64G</Identifier>
        <Value>114.68</Value>
        <RawString>113.54:115.21:115.3</RawString>
      </Entry>
    </Data>
  </Result>
  <Result>
    <Identifier>pts/postmark-1.1.2</Identifier>
    <Title>PostMark</Title>
    <AppVersion>1.51</AppVersion>
    <Arguments></Arguments>
    <Description>Disk Transaction Performance</Description>
    <Scale>TPS</Scale>
    <Proportion>HIB</Proportion>
    <DisplayFormat>BAR_GRAPH</DisplayFormat>
    <Data>
      <Entry>
        <Identifier>SN64G</Identifier>
        <Value>67</Value>
        <RawString>65:68:69</RawString>
        <JSON>{"compiler-options":{"compiler-type":"CC","compiler":"gcc","compiler-options":"-O3"}}</JSON>
      </Entry>
    </Data>
  </Result>
</PhoronixTestSuite>
