<?xml version="1.0"?>
<!--Phoronix Test Suite v5.2.1 (Khanino)-->
<?xml-stylesheet type="text/xsl" href="pts-results-viewer.xsl"?>
<PhoronixTestSuite>
  <Generated>
    <Title>ptscomoressionv2</Title>
    <LastModified>2020-11-13 22:11:54</LastModified>
    <TestClient>Phoronix Test Suite v5.2.1 (Khanino)</TestClient>
    <Description>ARMv7 rev 3 testing with a BCM2711 and llvmpipe (LLVM 9.0.1 128 bits) on Raspbian 10 via the Phoronix Test Suite.</Description>
    <PreSetEnvironmentVariables></PreSetEnvironmentVariables>
  </Generated>
  <System>
    <Identifier>ARMv7 rev 3</Identifier>
    <Hardware>Processor: ARMv7 rev 3 @ 1.50GHz (4 Cores), Motherboard: BCM2711, Memory: 4096MB, Disk: 64GB SN64G, Graphics: llvmpipe (LLVM 9.0.1 128 bits), Monitor: LG TV</Hardware>
    <Software>OS: Raspbian 10, Kernel: 5.4.72-v7l+ (armv7l), Desktop: LXDE 0.10.0, Display Server: X Server plymouth.ignore-serial-consoles, Display Driver: modesetting 1.20.4, OpenGL: 3.1 Mesa 19.3.2, File-System: ext4, Screen Resolution: 1024x768</Software>
    <User>alx</User>
    <TimeStamp>2020-11-13 22:11:55</TimeStamp>
    <TestClientVersion>5.2.1</TestClientVersion>
    <Notes></Notes>
    <JSON>{"compiler-configuration":"--build=arm-linux-gnueabihf --disable-libitm --disable-libquadmath --disable-libquadmath-support --disable-sjlj-exceptions --disable-werror --enable-bootstrap --enable-checking=release --enable-clocale=gnu --enable-gnu-unique-object --enable-languages=c,ada,c++,go,d,fortran,objc,obj-c++ --enable-libstdcxx-debug --enable-libstdcxx-time=yes --enable-multiarch --enable-nls --enable-objc-gc=auto --enable-plugin --enable-shared --enable-threads=posix --host=arm-linux-gnueabihf --program-prefix=arm-linux-gnueabihf- --target=arm-linux-gnueabihf --with-arch=armv6 --with-default-libstdcxx-abi=new --with-float=hard --with-fpu=vfp --with-gcc-major-version-only --with-target-system-zlib -v","cpu-scaling-governor":"cpufreq-dt ondemand","kernel-parameters":"snd_bcm2835.enable_compat_alsa=0 snd_bcm2835.enable_hdmi=1 snd_bcm2835.enable_headphones=1"}</JSON>
  </System>
  <Result>
    <Identifier>pts/compress-zstd-1.2.1</Identifier>
    <Title>Zstd Compression</Title>
    <AppVersion>1.4.5</AppVersion>
    <Arguments>-b3</Arguments>
    <Description>Compression Level: 3</Description>
    <Scale>MB/s</Scale>
    <Proportion>HIB</Proportion>
    <DisplayFormat>BAR_GRAPH</DisplayFormat>
    <Data>
      <Entry>
        <Identifier>ARMv7 rev 3</Identifier>
        <Value>103.93</Value>
        <RawString>103.9:103.6:104.3</RawString>
        <JSON>{"compiler-options":{"compiler-type":"CC","compiler":"gcc","compiler-options":"-O3 -pthread -lz"}}</JSON>
      </Entry>
    </Data>
  </Result>
  <Result>
    <Identifier>pts/compress-zstd-1.2.1</Identifier>
    <Title>Zstd Compression</Title>
    <AppVersion>1.4.5</AppVersion>
    <Arguments>-b19</Arguments>
    <Description>Compression Level: 19</Description>
    <Scale>MB/s</Scale>
    <Proportion>HIB</Proportion>
    <DisplayFormat>BAR_GRAPH</DisplayFormat>
    <Data>
      <Entry>
        <Identifier>ARMv7 rev 3</Identifier>
        <Value>2.57</Value>
        <RawString>2.57:2.57:2.57</RawString>
        <JSON>{"compiler-options":{"compiler-type":"CC","compiler":"gcc","compiler-options":"-O3 -pthread -lz"}}</JSON>
      </Entry>
    </Data>
  </Result>
  <Result>
    <Identifier>pts/compress-7zip-1.7.1</Identifier>
    <Title>7-Zip Compression</Title>
    <AppVersion>16.02</AppVersion>
    <Arguments></Arguments>
    <Description>Compress Speed Test</Description>
    <Scale>MIPS</Scale>
    <Proportion>HIB</Proportion>
    <DisplayFormat>BAR_GRAPH</DisplayFormat>
    <Data>
      <Entry>
        <Identifier>ARMv7 rev 3</Identifier>
        <Value>3678</Value>
        <RawString>3590:3722:3721</RawString>
        <JSON>{"compiler-options":{"compiler-type":"CXX","compiler":"g++","compiler-options":"-pipe -lpthread"}}</JSON>
      </Entry>
    </Data>
  </Result>
  <Result>
    <Identifier>pts/compress-pbzip2-1.5.0</Identifier>
    <Title>Parallel BZIP2 Compression</Title>
    <AppVersion>1.1.12</AppVersion>
    <Arguments></Arguments>
    <Description>256MB File Compression</Description>
    <Scale>Seconds</Scale>
    <Proportion>LIB</Proportion>
    <DisplayFormat>BAR_GRAPH</DisplayFormat>
    <Data>
      <Entry>
        <Identifier>ARMv7 rev 3</Identifier>
        <Value>70.39</Value>
        <RawString>75.247668027878:67.948269844055:69.00016617775:73.312277078629:69.470595836639:67.385491847992</RawString>
        <JSON>{"compiler-options":{"compiler-type":"CXX","compiler":"g++","compiler-options":"-O2 -pthread -lbz2 -lpthread"}}</JSON>
      </Entry>
    </Data>
  </Result>
  <Result>
    <Identifier>pts/compress-gzip-1.2.0</Identifier>
    <Title>Gzip Compression</Title>
    <AppVersion></AppVersion>
    <Arguments></Arguments>
    <Description>Linux Source Tree Archiving To .tar.gz</Description>
    <Scale>Seconds</Scale>
    <Proportion>LIB</Proportion>
    <DisplayFormat>BAR_GRAPH</DisplayFormat>
    <Data>
      <Entry>
        <Identifier>ARMv7 rev 3</Identifier>
        <Value>158.90</Value>
        <RawString>168.57125616074:157.64851999283:154.81095814705:154.4799580574:162.08017802238:155.82038784027</RawString>
      </Entry>
    </Data>
  </Result>
  <Result>
    <Identifier>pts/compress-xz-1.1.0</Identifier>
    <Title>XZ Compression</Title>
    <AppVersion>5.2.4</AppVersion>
    <Arguments></Arguments>
    <Description>Compressing ubuntu-16.04.3-server-i386.img, Compression Level 9</Description>
    <Scale>Seconds</Scale>
    <Proportion>LIB</Proportion>
    <DisplayFormat>BAR_GRAPH</DisplayFormat>
    <Data>
      <Entry>
        <Identifier>ARMv7 rev 3</Identifier>
        <Value>376.99</Value>
        <RawString>378.66127800941:377.65333294868:374.64143490791</RawString>
        <JSON>{"compiler-options":{"compiler-type":"CC","compiler":"gcc","compiler-options":"-pthread -fvisibility=hidden -O2"}}</JSON>
      </Entry>
    </Data>
  </Result>
  <Result>
    <Identifier>pts/system-decompress-gzip-1.1.1</Identifier>
    <Title>System GZIP Decompression</Title>
    <AppVersion></AppVersion>
    <Arguments></Arguments>
    <Description>Phoronix Test Suite v5.2.1</Description>
    <Scale>Seconds</Scale>
    <Proportion>LIB</Proportion>
    <DisplayFormat>BAR_GRAPH</DisplayFormat>
    <Data>
      <Entry>
        <Identifier>ARMv7 rev 3</Identifier>
        <Value>11.73</Value>
        <RawString>12.425558805466:11.586791038513:11.53302192688:11.549911022186:11.551742076874</RawString>
      </Entry>
    </Data>
  </Result>
  <Result>
    <Identifier>pts/system-decompress-xz-1.0.2</Identifier>
    <Title>System XZ Decompression</Title>
    <AppVersion></AppVersion>
    <Arguments></Arguments>
    <Description>Phoronix Test Suite v5.2.1</Description>
    <Scale>Seconds</Scale>
    <Proportion>LIB</Proportion>
    <DisplayFormat>BAR_GRAPH</DisplayFormat>
    <Data>
      <Entry>
        <Identifier>ARMv7 rev 3</Identifier>
        <Value>14.15</Value>
        <RawString>14.211404800415:14.113165855408:14.127774000168</RawString>
      </Entry>
    </Data>
  </Result>
  <Result>
    <Identifier>pts/system-decompress-zlib-1.0.2</Identifier>
    <Title>System ZLIB Decompression</Title>
    <AppVersion>1.2.7</AppVersion>
    <Arguments></Arguments>
    <Description>Phoronix Test Suite v5.2.1</Description>
    <Scale>ms</Scale>
    <Proportion>LIB</Proportion>
    <DisplayFormat>BAR_GRAPH</DisplayFormat>
    <Data>
      <Entry>
        <Identifier>ARMv7 rev 3</Identifier>
        <Value>5803.03</Value>
        <RawString>7334.357394:5745.11781:5710.518875:5763.52484:5703.631034:5726.948469:5699.075075:5725.024583:5734.038952:5711.197971:5705.91618:5718.588109:5739.855617:5694.99341:5724.611818:5775.163398:5707.289163:5713.583545:5708.965441:5718.150893</RawString>
      </Entry>
    </Data>
  </Result>
</PhoronixTestSuite>
